0 info it worked if it ends with ok
1 verbose cli [ '/usr/local/Cellar/node/5.3.0/bin/node',
1 verbose cli   '/usr/local/bin/npm',
1 verbose cli   'publish' ]
2 info using npm@3.3.12
3 info using node@v5.3.0
4 verbose publish [ '.' ]
5 silly cache add args [ '.', null ]
6 verbose cache add spec .
7 silly cache add parsed spec Result {
7 silly cache add   raw: '.',
7 silly cache add   scope: null,
7 silly cache add   name: null,
7 silly cache add   rawSpec: '.',
7 silly cache add   spec: '/Users/hocnguyen/Documents/Project/nodejs/ntlm-soap-request',
7 silly cache add   type: 'directory' }
8 verbose addLocalDirectory /Users/hocnguyen/.npm/ntlm-soap-request/1.0.0/package.tgz not in flight; packing
9 info lifecycle ntlm-soap-request@1.0.0~prepublish: ntlm-soap-request@1.0.0
10 silly lifecycle ntlm-soap-request@1.0.0~prepublish: no script for prepublish, continuing
11 verbose tar pack [ '/Users/hocnguyen/.npm/ntlm-soap-request/1.0.0/package.tgz',
11 verbose tar pack   '/Users/hocnguyen/Documents/Project/nodejs/ntlm-soap-request' ]
12 verbose tarball /Users/hocnguyen/.npm/ntlm-soap-request/1.0.0/package.tgz
13 verbose folder /Users/hocnguyen/Documents/Project/nodejs/ntlm-soap-request
14 verbose addLocalTarball adding from inside cache /Users/hocnguyen/.npm/ntlm-soap-request/1.0.0/package.tgz
15 silly cache afterAdd ntlm-soap-request@1.0.0
16 verbose afterAdd /Users/hocnguyen/.npm/ntlm-soap-request/1.0.0/package/package.json not in flight; writing
17 verbose afterAdd /Users/hocnguyen/.npm/ntlm-soap-request/1.0.0/package/package.json written
18 silly publish { name: 'ntlm-soap-request',
18 silly publish   version: '1.0.0',
18 silly publish   description: 'use to request over ntlm authen server and get soap data',
18 silly publish   main: 'index.js',
18 silly publish   scripts: { test: 'echo "Error: no test specified" && exit 1' },
18 silly publish   keywords: [ 'soap', 'ntlm' ],
18 silly publish   author: { name: 'hocnv' },
18 silly publish   license: 'ISC',
18 silly publish   dependencies:
18 silly publish    { agentkeepalive: '^2.0.3',
18 silly publish      async: '^1.5.2',
18 silly publish      fs: '0.0.2',
18 silly publish      httpntlm: '^1.5.2',
18 silly publish      httpreq: '^0.4.16' },
18 silly publish   readme: 'ERROR: No README data found!',
18 silly publish   _id: 'ntlm-soap-request@1.0.0',
18 silly publish   _shasum: '1b1ee674ca4e722dfb70e4374a112291b0d3baa2',
18 silly publish   _from: '.' }
19 verbose getPublishConfig undefined
20 silly mapToRegistry name ntlm-soap-request
21 silly mapToRegistry using default registry
22 silly mapToRegistry registry https://registry.npmjs.org/
23 silly mapToRegistry uri https://registry.npmjs.org/ntlm-soap-request
24 verbose publish registryBase https://registry.npmjs.org/
25 silly publish uploading /Users/hocnguyen/.npm/ntlm-soap-request/1.0.0/package.tgz
26 verbose request uri https://registry.npmjs.org/ntlm-soap-request
27 verbose request sending authorization for write operation
28 info attempt registry request try #1 at 3:51:44 PM
29 verbose request using bearer token for auth
30 verbose request id d1d70e349901850f
31 http request PUT https://registry.npmjs.org/ntlm-soap-request
32 http 403 https://registry.npmjs.org/ntlm-soap-request
33 verbose headers { 'content-type': 'application/json',
33 verbose headers   'cache-control': 'max-age=300',
33 verbose headers   'content-length': '109',
33 verbose headers   'accept-ranges': 'bytes',
33 verbose headers   date: 'Wed, 13 Jan 2016 08:50:20 GMT',
33 verbose headers   via: '1.1 varnish',
33 verbose headers   connection: 'keep-alive',
33 verbose headers   'x-served-by': 'cache-sin6922-SIN',
33 verbose headers   'x-cache': 'MISS',
33 verbose headers   'x-cache-hits': '0',
33 verbose headers   'x-timer': 'S1452675019.511793,VS0,VE836' }
34 verbose request invalidating /Users/hocnguyen/.npm/registry.npmjs.org/ntlm-soap-request on PUT
35 error publish Failed PUT 403
36 verbose stack Error: You do not have permission to publish 'ntlm-soap-request'. Are you logged in as the correct user? : ntlm-soap-request
36 verbose stack     at makeError (/usr/local/lib/node_modules/npm/node_modules/npm-registry-client/lib/request.js:264:12)
36 verbose stack     at CachingRegistryClient.<anonymous> (/usr/local/lib/node_modules/npm/node_modules/npm-registry-client/lib/request.js:252:14)
36 verbose stack     at Request._callback (/usr/local/lib/node_modules/npm/node_modules/npm-registry-client/lib/request.js:172:14)
36 verbose stack     at Request.self.callback (/usr/local/lib/node_modules/npm/node_modules/request/request.js:198:22)
36 verbose stack     at emitTwo (events.js:87:13)
36 verbose stack     at Request.emit (events.js:172:7)
36 verbose stack     at Request.<anonymous> (/usr/local/lib/node_modules/npm/node_modules/request/request.js:1082:10)
36 verbose stack     at emitOne (events.js:82:20)
36 verbose stack     at Request.emit (events.js:169:7)
36 verbose stack     at IncomingMessage.<anonymous> (/usr/local/lib/node_modules/npm/node_modules/request/request.js:1009:12)
37 verbose statusCode 403
38 verbose pkgid ntlm-soap-request
39 verbose cwd /Users/hocnguyen/Documents/Project/nodejs/ntlm-soap-request
40 error Darwin 14.4.0
41 error argv "/usr/local/Cellar/node/5.3.0/bin/node" "/usr/local/bin/npm" "publish"
42 error node v5.3.0
43 error npm  v3.3.12
44 error code E403
45 error You do not have permission to publish 'ntlm-soap-request'. Are you logged in as the correct user? : ntlm-soap-request
46 error If you need help, you may report this error at:
46 error     <https://github.com/npm/npm/issues>
47 verbose exit [ 1, true ]
